
ROM used:   106/8192 (1%)
            106/8192 (1%) including unused fragments

            0.1 Average locations per line
            4.1 Average locations per statement

RAM used:   8/368 (2%) at main() level
            8/368 (2%) worst case

Stack used: 0 worst case (0 in main + 0 for interrupts)
Stack size: 8

Lines Stmts  %   Files
----- ----- ---  -----
   86    26 100  BAI1_2015-2016.c
  768     0   0  C:\Program Files (x86)\PICC\Devices\16F887.H
----- -----
  854    26 Total

Page ROM  %  RAM   Vol Diff  Functions:
---- --- --- ---   --- ----  ----------
0    102  96    1   656  6.2  MAIN
 Inline         0             @cinit1

Program metrics:
    Functions               1
    Statements              26
    Comments                208
    Volume (V)              658
    Difficulty (D)          6.1
    Effort to implement (E) 4012
    Time to implement (T)   4 minutes
    Est Delivered Bugs (B)  0
    Cyclomatic Complexity   7
    Maintainability (MI)    66

 Segment     Used  Free
-----------  ----  ----
00000-00003     4  0  
00004-007FF   102  1942  
00800-00FFF     0  2048  
01000-017FF     0  2048  
01800-01FFF     0  2048  



