*** Error 1 "C:\Program Files (x86)\PICC\Drivers\LCD.C" Line 135(1,2): Illegal C character in input file  0x00
*** Error 58 "C:\Program Files (x86)\PICC\Drivers\LCD.C" Line 135(1,2): Expecting a close paren
*** Error 1 "C:\Program Files (x86)\PICC\Drivers\LCD.C" Line 136(3,4): Illegal C character in input file  0x00
*** Error 1 "C:\Program Files (x86)\PICC\Drivers\LCD.C" Line 136(3,4): Illegal C character in input file  0x00
*** Error 1 "C:\Program Files (x86)\PICC\Drivers\LCD.C" Line 136(3,4): Illegal C character in input file  0xFF
*** Error 1 "C:\Program Files (x86)\PICC\Drivers\LCD.C" Line 136(3,4): Illegal C character in input file  0xFF
*** Error 1 "C:\Program Files (x86)\PICC\Drivers\LCD.C" Line 136(3,4): Illegal C character in input file  0xFF
*** Error 1 "C:\Program Files (x86)\PICC\Drivers\LCD.C" Line 136(3,4): Illegal C character in input file  0x00
*** Error 1 "C:\Program Files (x86)\PICC\Drivers\LCD.C" Line 136(3,4): Illegal C character in input file  0x07
*** Error 1 "C:\Program Files (x86)\PICC\Drivers\LCD.C" Line 136(3,4): Illegal C character in input file  0x00
*** Error 1 "C:\Program Files (x86)\PICC\Drivers\LCD.C" Line 136(3,4): Illegal C character in input file  0x00
*** Error 1 "C:\Program Files (x86)\PICC\Drivers\LCD.C" Line 136(3,4): Illegal C character in input file  0x00
*** Error 1 "C:\Program Files (x86)\PICC\Drivers\LCD.C" Line 136(3,4): Illegal C character in input file  0x00
*** Error 1 "C:\Program Files (x86)\PICC\Drivers\LCD.C" Line 136(3,4): Illegal C character in input file  0x00
*** Error 1 "C:\Program Files (x86)\PICC\Drivers\LCD.C" Line 136(3,4): Illegal C character in input file  0x00
*** Error 1 "C:\Program Files (x86)\PICC\Drivers\LCD.C" Line 136(3,4): Illegal C character in input file  0x00
*** Error 43 "C:\Program Files (x86)\PICC\Drivers\LCD.C" Line 136(3,4): Expecting a declaration
*** Error 1 "C:\Program Files (x86)\PICC\Drivers\LCD.C" Line 136(8,9): Illegal C character in input file  0xDF
*** Error 1 "C:\Program Files (x86)\PICC\Drivers\LCD.C" Line 136(10,11): Illegal C character in input file  0x92
*** Error 48 "C:\Program Files (x86)\PICC\Drivers\LCD.C" Line 136(8,9): Expecting a (
*** Error 43 "C:\Program Files (x86)\PICC\Drivers\LCD.C" Line 136(12,13): Expecting a declaration
*** Error 1 "C:\Program Files (x86)\PICC\Drivers\LCD.C" Line 136(12,13): Illegal C character in input file  0x07
*** Error 1 "BAI2_2015-2016.c" Line 136(12,13): Illegal C character in input file  0x40
*** Error 12 "BAI2_2015-2016.c" Line 30(12,13): Undefined identifier  -- LCD_INIT
*** Error 12 "BAI2_2015-2016.c" Line 48(17,18): Undefined identifier  -- LCD_GOTOXY
*** Error 12 "BAI2_2015-2016.c" Line 49(14,22): Undefined identifier   LCD_PUTC
*** Error 12 "BAI2_2015-2016.c" Line 50(15,16): Undefined identifier  -- LCD_PUTC
*** Error 12 "BAI2_2015-2016.c" Line 50(30,31): Undefined identifier  -- LCD_PUTC
*** Error 12 "BAI2_2015-2016.c" Line 59(17,18): Undefined identifier  -- LCD_GOTOXY
*** Error 12 "BAI2_2015-2016.c" Line 60(14,22): Undefined identifier   LCD_PUTC
*** Error 12 "BAI2_2015-2016.c" Line 75(20,21): Undefined identifier  -- LCD_GOTOXY
*** Error 12 "BAI2_2015-2016.c" Line 76(18,19): Undefined identifier  -- LCD_PUTC
*** Error 12 "BAI2_2015-2016.c" Line 83(20,21): Undefined identifier  -- LCD_GOTOXY
*** Error 12 "BAI2_2015-2016.c" Line 84(18,19): Undefined identifier  -- LCD_PUTC
