
ROM used:   1151/8192 (14%)
            1151/8192 (14%) including unused fragments

            0.9 Average locations per line
            8.0 Average locations per statement

RAM used:   12/368 (3%) at main() level
            30/368 (8%) worst case

Stack used: 5 worst case (5 in main + 0 for interrupts)
Stack size: 8

Lines Stmts  %   Files
----- ----- ---  -----
   90    44  31  BAI2_2015-2016.c
  768     0   0  C:\Program Files (x86)\PICC\Devices\16F887.H
  456   100  69  C:\Program Files (x86)\PICC\Drivers\LCD.C
----- -----
 1314   144 Total

Page ROM  %  RAM   Vol Diff  Functions:
---- --- --- ---   --- ----  ----------
0     20   2    1             @delay_ms1
 Inline         3   760  4.5  lcd_read_byte
0     49   4    2   262  3.7  lcd_read_nibble
0     44   4    1   399  2.4  lcd_send_nibble
0     92   8    3   415  3.7  lcd_send_byte
0     70   6    6   852  6.2  lcd_init
0     18   2    4   208  6.3  lcd_gotoxy
0     44   4    1   354  4.7  lcd_putc
0    267  23    2  1316  6.2  MAIN
0     31   3    2             @ITOF
0    204  18   14             @DIVFF
0     33   3    4             @SFTOI
0    101   9    9             @PRINTF_LU_644
0     21   2    3             @DIV88
0     55   5    2             @PRINTF_U_644
0      6   1    0             @const680
0     86   7    4             @PSTRINGC7_644
0      6   1    0             @const682
 Inline         0             @cinit1

Program metrics:
    Functions               8
    Statements              144
    Comments                245
    Volume (V)              6765
    Difficulty (D)          35.9
    Effort to implement (E) 243024
    Time to implement (T)   3 hours, 45 minutes
    Est Delivered Bugs (B)  1
    Cyclomatic Complexity   12
    Maintainability (MI)    126

 Segment     Used  Free
-----------  ----  ----
00000-00003     4  0  
00004-007FF  1147  897  
00800-00FFF     0  2048  
01000-017FF     0  2048  
01800-01FFF     0  2048  



