
ROM used:   244/8192 (3%)
            244/8192 (3%) including unused fragments

            0.3 Average locations per line
            13.6 Average locations per statement

RAM used:   17/368 (5%) at main() level
            20/368 (5%) worst case

Stack used: 3 worst case (1 in main + 2 for interrupts)
Stack size: 8

Lines Stmts  %   Files
----- ----- ---  -----
   40    18 100  BAI3_2015-2016.c
  768     0   0  C:\Program Files (x86)\PICC\Devices\16F887.H
----- -----
  808    18 Total

Page ROM  %  RAM   Vol Diff  Functions:
---- --- --- ---   --- ----  ----------
0     20   8    1             @delay_ms1
0     14   6    0   764  6.6  @const623
0     19   8    1    96  2.5  NGAT_UART
0    121  50    3   295  4.2  MAIN
0     21   9    5   415  3.7  @MUL1616
 Inline         0   852  6.2  @cinit1

Program metrics:
    Functions               5
    Statements              18
    Comments                133
    Volume (V)              3310
    Difficulty (D)          23.5
    Effort to implement (E) 77817
    Time to implement (T)   1 hours, 12 minutes
    Est Delivered Bugs (B)  1
    Cyclomatic Complexity   9
    Maintainability (MI)    166

 Segment     Used  Free
-----------  ----  ----
00000-00003     4  0  
00004-00030    45  0  
00031-007FF   195  1804  
00800-00FFF     0  2048  
01000-017FF     0  2048  
01800-01FFF     0  2048  



