
ROM used:   1135/8192 (14%)
            1135/8192 (14%) including unused fragments

            0.9 Average locations per line
            8.5 Average locations per statement

RAM used:   13/368 (4%) at main() level
            31/368 (8%) worst case

Stack used: 5 worst case (5 in main + 0 for interrupts)
Stack size: 8

Lines Stmts  %   Files
----- ----- ---  -----
   68    34  25  BT1_12-2015.c
  768     0   0  C:\Program Files (x86)\PICC\Devices\16F887.H
  456   100  75  C:\Program Files (x86)\PICC\Drivers\LCD.C
----- -----
 1292   134 Total

Page ROM  %  RAM   Vol Diff  Functions:
---- --- --- ---   --- ----  ----------
0     20   2    1             @delay_ms1
 Inline         3   760  4.5  lcd_read_byte
0     49   4    2   262  3.7  lcd_read_nibble
0     44   4    1   399  2.4  lcd_send_nibble
0     92   8    3   415  3.7  lcd_send_byte
0     70   6    6   852  6.2  lcd_init
0     18   2    4   208  6.3  lcd_gotoxy
0     44   4    1   354  4.7  lcd_putc
0    297  26    2  1189  7.1  MAIN
0     11   1    0  1159  6.3  @const663
0     88   8    4             @PSTRINGC7_644
0     37   3    5             @DIV1616
0     29   3    2  1166  6.3  @ITOF
0    202  18   14             @DIVFF
0     31   3    4             @SFTOI
0     99   9    9             @PRINTF_LU_644
 Inline         0             @cinit1

Program metrics:
    Functions               10
    Statements              134
    Comments                238
    Volume (V)              10270
    Difficulty (D)          49.8
    Effort to implement (E) 510976
    Time to implement (T)   7 hours, 53 minutes
    Est Delivered Bugs (B)  2
    Cyclomatic Complexity   20
    Maintainability (MI)    140

 Segment     Used  Free
-----------  ----  ----
00000-00003     4  0  
00004-007FF  1131  913  
00800-00FFF     0  2048  
01000-017FF     0  2048  
01800-01FFF     0  2048  



