
ROM used:   1006/8192 (12%)
            1006/8192 (12%) including unused fragments

            0.7 Average locations per line
            4.6 Average locations per statement

RAM used:   9/368 (2%) at main() level
            24/368 (7%) worst case

Stack used: 5 worst case (5 in main + 0 for interrupts)
Stack size: 8

Lines Stmts  %   Files
----- ----- ---  -----
  176   117  54  BT2_12-2015.c
  768     0   0  C:\Program Files (x86)\PICC\Devices\16F887.H
  456   100  46  C:\Program Files (x86)\PICC\Drivers\LCD.C
----- -----
 1400   217 Total

Page ROM  %  RAM   Vol Diff  Functions:
---- --- --- ---   --- ----  ----------
0     21   2    1             @delay_ms1
 Inline         3   760  4.5  lcd_read_byte
0     49   5    2   262  3.7  lcd_read_nibble
0     45   4    1   399  2.4  lcd_send_nibble
0     92   9    3   415  3.7  lcd_send_byte
0     70   7    6   852  6.2  lcd_init
0     18   2    4   208  6.3  lcd_gotoxy
0     44   4    1   354  4.7  lcd_putc
0    493  49    1  3876  4.8  MAIN
0      5   0    0             @const662
0     89   9    5             @PSTRINGCN7_644
0     21   2    3             @DIV88
0     55   5    2             @PRINTF_U_644
 Inline         0             @cinit1

Program metrics:
    Functions               8
    Statements              217
    Comments                244
    Volume (V)              9776
    Difficulty (D)          35.9
    Effort to implement (E) 351378
    Time to implement (T)   5 hours, 25 minutes
    Est Delivered Bugs (B)  2
    Cyclomatic Complexity   32
    Maintainability (MI)    118

 Segment     Used  Free
-----------  ----  ----
00000-00003     4  0  
00004-007FF  1002  1042  
00800-00FFF     0  2048  
01000-017FF     0  2048  
01800-01FFF     0  2048  



