
ROM used:   666/8192 (8%)
            666/8192 (8%) including unused fragments

            0.5 Average locations per line
            5.0 Average locations per statement

RAM used:   8/368 (2%) at main() level
            21/368 (6%) worst case

Stack used: 5 worst case (5 in main + 0 for interrupts)
Stack size: 8

Lines Stmts  %   Files
----- ----- ---  -----
   80    34  25  BT2_VXL_HE_2015.c
  768     0   0  C:\Program Files (x86)\PICC\Devices\16F887.H
  456   100  75  C:\Program Files (x86)\PICC\Drivers\LCD.C
----- -----
 1304   134 Total

Page ROM  %  RAM   Vol Diff  Functions:
---- --- --- ---   --- ----  ----------
0     20   3    1             @delay_ms1
 Inline         3   760  4.5  lcd_read_byte
0     49   7    2   262  3.7  lcd_read_nibble
0     48   7    1   399  2.4  lcd_send_nibble
0     94  14    3   415  3.7  lcd_send_byte
0     70  11    6   852  6.2  lcd_init
0     18   3    4   208  6.3  lcd_gotoxy
0     44   7    1   354  4.7  lcd_putc
0    130  20    1   942  5.3  MAIN
0      6   1    0             @const661
0     86  13    4             @PSTRINGC7_644
0      7   1    0             @const663
0      7   1    0             @const664
0      7   1    0             @const665
0     21   3    3  1294  5.3  @DIV88
0     55   8    2             @PRINTF_U_644
 Inline         0  1294  5.3  @cinit1

Program metrics:
    Functions               10
    Statements              134
    Comments                244
    Volume (V)              10296
    Difficulty (D)          45.9
    Effort to implement (E) 473012
    Time to implement (T)   7 hours, 18 minutes
    Est Delivered Bugs (B)  2
    Cyclomatic Complexity   20
    Maintainability (MI)    141

 Segment     Used  Free
-----------  ----  ----
00000-00003     4  0  
00004-007FF   662  1382  
00800-00FFF     0  2048  
01000-017FF     0  2048  
01800-01FFF     0  2048  



