
ROM used:   171/8192 (2%)
            171/8192 (2%) including unused fragments

            0.2 Average locations per line
            9.0 Average locations per statement

RAM used:   8/368 (2%) at main() level
            10/368 (3%) worst case

Stack used: 1 worst case (1 in main + 0 for interrupts)
Stack size: 8

Lines Stmts  %   Files
----- ----- ---  -----
   43    19 100  BT3#2_12-2015.c
  768     0   0  C:\Program Files (x86)\PICC\Devices\16F887.H
----- -----
  811    19 Total

Page ROM  %  RAM   Vol Diff  Functions:
---- --- --- ---   --- ----  ----------
0     22  13    1             @delay_ms1
0     14   8    0   331  4.6  @const623
0    110  64    1   453  4.7  MAIN
0     21  12    3   399  2.4  @DIV88
 Inline         0  1892  8.4  @cinit1

Program metrics:
    Functions               4
    Statements              19
    Comments                134
    Volume (V)              3907
    Difficulty (D)          20.1
    Effort to implement (E) 78658
    Time to implement (T)   1 hours, 13 minutes
    Est Delivered Bugs (B)  1
    Cyclomatic Complexity   17
    Maintainability (MI)    131

 Segment     Used  Free
-----------  ----  ----
00000-00003     4  0  
00004-007FF   167  1877  
00800-00FFF     0  2048  
01000-017FF     0  2048  
01800-01FFF     0  2048  



