
ROM used:   185/8192 (2%)
            185/8192 (2%) including unused fragments

            0.2 Average locations per line
            8.0 Average locations per statement

RAM used:   9/368 (2%) at main() level
            11/368 (3%) worst case

Stack used: 1 worst case (1 in main + 0 for interrupts)
Stack size: 8

Lines Stmts  %   Files
----- ----- ---  -----
   46    23 100  BT3#1_12-2015.c
  768     0   0  C:\Program Files (x86)\PICC\Devices\16F887.H
----- -----
  814    23 Total

Page ROM  %  RAM   Vol Diff  Functions:
---- --- --- ---   --- ----  ----------
0     22  12    1             @delay_ms1
0     14   8    0   331  4.6  @const623
0    124  67    1   570  5.2  MAIN
0     21  11    3   399  2.4  @DIV88
 Inline         0  1892  8.4  @cinit1

Program metrics:
    Functions               4
    Statements              23
    Comments                134
    Volume (V)              4065
    Difficulty (D)          20.6
    Effort to implement (E) 83908
    Time to implement (T)   1 hours, 18 minutes
    Est Delivered Bugs (B)  1
    Cyclomatic Complexity   19
    Maintainability (MI)    128

 Segment     Used  Free
-----------  ----  ----
00000-00003     4  0  
00004-007FF   181  1863  
00800-00FFF     0  2048  
01000-017FF     0  2048  
01800-01FFF     0  2048  



