
ROM used:   111/8192 (1%)
            111/8192 (1%) including unused fragments

            0.1 Average locations per line
            6.5 Average locations per statement

RAM used:   8/368 (2%) at main() level
            8/368 (2%) worst case

Stack used: 0 worst case (0 in main + 0 for interrupts)
Stack size: 8

Lines Stmts  %   Files
----- ----- ---  -----
   33    17 100  BT3_VXL_HE_2015_VDKB.c
  768     0   0  C:\Program Files (x86)\PICC\Devices\16F887.H
----- -----
  801    17 Total

Page ROM  %  RAM   Vol Diff  Functions:
---- --- --- ---   --- ----  ----------
0    107  96    1   373  4.2  MAIN
 Inline         0   942  5.3  @cinit1

Program metrics:
    Functions               2
    Statements              17
    Comments                134
    Volume (V)              1513
    Difficulty (D)          9.5
    Effort to implement (E) 14370
    Time to implement (T)   13 minutes
    Est Delivered Bugs (B)  0
    Cyclomatic Complexity   7
    Maintainability (MI)    107

 Segment     Used  Free
-----------  ----  ----
00000-00003     4  0  
00004-007FF   107  1937  
00800-00FFF     0  2048  
01000-017FF     0  2048  
01800-01FFF     0  2048  



