
ROM used:   78/8192 (1%)
            78/8192 (1%) including unused fragments

            0.1 Average locations per line
            6.0 Average locations per statement

RAM used:   7/368 (2%) at main() level
            7/368 (2%) worst case

Stack used: 0 worst case (0 in main + 0 for interrupts)
Stack size: 8

Lines Stmts  %   Files
----- ----- ---  -----
   31    13 100  BT3_VXL_HE_2015_VDKA.c
  768     0   0  C:\Program Files (x86)\PICC\Devices\16F887.H
----- -----
  799    13 Total

Page ROM  %  RAM   Vol Diff  Functions:
---- --- --- ---   --- ----  ----------
0     74  95    1   243  2.7  MAIN
 Inline         0   942  5.3  @cinit1

Program metrics:
    Functions               2
    Statements              13
    Comments                132
    Volume (V)              1347
    Difficulty (D)          8.0
    Effort to implement (E) 10826
    Time to implement (T)   10 minutes
    Est Delivered Bugs (B)  0
    Cyclomatic Complexity   6
    Maintainability (MI)    107

 Segment     Used  Free
-----------  ----  ----
00000-00003     4  0  
00004-007FF    74  1970  
00800-00FFF     0  2048  
01000-017FF     0  2048  
01800-01FFF     0  2048  



