
ROM used:   181/8192 (2%)
            181/8192 (2%) including unused fragments

            0.2 Average locations per line
            5.5 Average locations per statement

RAM used:   8/368 (2%) at main() level
            8/368 (2%) worst case

Stack used: 1 worst case (1 in main + 0 for interrupts)
Stack size: 8

Lines Stmts  %   Files
----- ----- ---  -----
   78    33 100  BT1_2016-2017_HK1.c
  768     0   0  C:\Program Files (x86)\PICC\Devices\16F887.H
----- -----
  846    33 Total

Page ROM  %  RAM   Vol Diff  Functions:
---- --- --- ---   --- ----  ----------
0     22  12    1             @delay_ms1
0    155  86    1  1050  5.6  MAIN
 Inline         0   542  3.3  @cinit1

Program metrics:
    Functions               2
    Statements              33
    Comments                162
    Volume (V)              1844
    Difficulty (D)          8.9
    Effort to implement (E) 16373
    Time to implement (T)   15 minutes
    Est Delivered Bugs (B)  0
    Cyclomatic Complexity   14
    Maintainability (MI)    138

 Segment     Used  Free
-----------  ----  ----
00000-00003     4  0  
00004-007FF   177  1867  
00800-00FFF     0  2048  
01000-017FF     0  2048  
01800-01FFF     0  2048  



