
ROM used:   242/8192 (3%)
            242/8192 (3%) including unused fragments

            0.3 Average locations per line
            7.1 Average locations per statement

RAM used:   16/368 (4%) at main() level
            17/368 (5%) worst case

Stack used: 2 worst case (1 in main + 1 for interrupts)
Stack size: 8

Lines Stmts  %   Files
----- ----- ---  -----
   45    34 100  BT3_2016-2017_HK1_VDK_TRAM.c
  768     0   0  C:\Program Files (x86)\PICC\Devices\16F887.H
----- -----
  813    34 Total

Page ROM  %  RAM   Vol Diff  Functions:
---- --- --- ---   --- ----  ----------
0     20   8    1             @delay_ms1
0     46  19    0   275  2.8  NGAT_UART
0    127  52    1   542  3.3  MAIN
 Inline         0   399  2.4  @cinit1

Program metrics:
    Functions               3
    Statements              34
    Comments                130
    Volume (V)              1567
    Difficulty (D)          8.4
    Effort to implement (E) 13183
    Time to implement (T)   12 minutes
    Est Delivered Bugs (B)  0
    Cyclomatic Complexity   10
    Maintainability (MI)    63

 Segment     Used  Free
-----------  ----  ----
00000-00003     4  0  
00004-00030    45  0  
00031-007FF   193  1806  
00800-00FFF     0  2048  
01000-017FF     0  2048  
01800-01FFF     0  2048  



