
ROM used:   127/8192 (2%)
            127/8192 (2%) including unused fragments

            0.2 Average locations per line
            5.1 Average locations per statement

RAM used:   9/368 (2%) at main() level
            10/368 (3%) worst case

Stack used: 1 worst case (1 in main + 0 for interrupts)
Stack size: 8

Lines Stmts  %   Files
----- ----- ---  -----
   47    25 100  BT3_2016-2017_HK1_VDK_TTAM.c
  768     0   0  C:\Program Files (x86)\PICC\Devices\16F887.H
----- -----
  815    25 Total

Page ROM  %  RAM   Vol Diff  Functions:
---- --- --- ---   --- ----  ----------
0     20  16    1             @delay_ms1
0    103  81    1   550  5.2  MAIN
 Inline         0   570  3.3  @cinit1

Program metrics:
    Functions               2
    Statements              25
    Comments                132
    Volume (V)              1320
    Difficulty (D)          8.5
    Effort to implement (E) 11189
    Time to implement (T)   10 minutes
    Est Delivered Bugs (B)  0
    Cyclomatic Complexity   12
    Maintainability (MI)    96

 Segment     Used  Free
-----------  ----  ----
00000-00003     4  0  
00004-007FF   123  1921  
00800-00FFF     0  2048  
01000-017FF     0  2048  
01800-01FFF     0  2048  



