
ROM used:   1187/8192 (14%)
            1187/8192 (14%) including unused fragments

            0.9 Average locations per line
            8.4 Average locations per statement

RAM used:   24/368 (7%) at main() level
            57/368 (15%) worst case

Stack used: 6 worst case (5 in main + 1 for interrupts)
Stack size: 8

Lines Stmts  %   Files
----- ----- ---  -----
   93    42  30  BT2_2019-2020.c
  768     0   0  C:\Program Files (x86)\PICC\Devices\16F887.H
  456   100  70  C:\Program Files (x86)\PICC\Drivers\LCD.C
----- -----
 1317   142 Total

Page ROM  %  RAM   Vol Diff  Functions:
---- --- --- ---   --- ----  ----------
0     20   2    1             @delay_ms1
 Inline         3   760  4.5  lcd_read_byte
0     49   4    2   262  3.7  lcd_read_nibble
0     48   4    1   399  2.4  lcd_send_nibble
0     94   8    3   415  3.7  lcd_send_byte
0     70   6    6   852  6.2  lcd_init
0     18   2    4   208  6.3  lcd_gotoxy
0     44   4    1   354  4.7  lcd_putc
0    303  26    0    53  1.7  NGATADC
 Inline         2  1159  6.3  @ITOF
 Inline        14             @DIVFF
 Inline         4             @SFTOI
0    193  16    1  1166  6.3  MAIN
0     21   2    3             @DIV88
0     53   4    2             @PRINTF_U_644
0      5   0    0             @const680
0     89   7    5             @PSTRINGCN7_644
0     99   8    9             @PRINTF_LU_644
 Inline         0             @cinit1

Program metrics:
    Functions               10
    Statements              142
    Comments                242
    Volume (V)              8541
    Difficulty (D)          44.6
    Effort to implement (E) 380918
    Time to implement (T)   5 hours, 53 minutes
    Est Delivered Bugs (B)  2
    Cyclomatic Complexity   16
    Maintainability (MI)    141

 Segment     Used  Free
-----------  ----  ----
00000-00003     4  0  
00004-00050    77  0  
00051-007FF  1106  861  
00800-00FFF     0  2048  
01000-017FF     0  2048  
01800-01FFF     0  2048  



