*** Error 1 "C:\Program Files (x86)\PICC\Drivers\LCD.C" Line 135(1,2): Illegal C character in input file  0x00
*** Error 58 "C:\Program Files (x86)\PICC\Drivers\LCD.C" Line 135(1,2): Expecting a close paren
*** Error 1 "C:\Program Files (x86)\PICC\Drivers\LCD.C" Line 136(3,4): Illegal C character in input file  0x00
*** Error 1 "C:\Program Files (x86)\PICC\Drivers\LCD.C" Line 136(3,4): Illegal C character in input file  0x00
*** Error 1 "C:\Program Files (x86)\PICC\Drivers\LCD.C" Line 136(3,4): Illegal C character in input file  0xFF
*** Error 1 "C:\Program Files (x86)\PICC\Drivers\LCD.C" Line 136(3,4): Illegal C character in input file  0xFF
*** Error 1 "C:\Program Files (x86)\PICC\Drivers\LCD.C" Line 136(3,4): Illegal C character in input file  0xFF
*** Error 1 "C:\Program Files (x86)\PICC\Drivers\LCD.C" Line 136(3,4): Illegal C character in input file  0x00
*** Error 1 "C:\Program Files (x86)\PICC\Drivers\LCD.C" Line 136(3,4): Illegal C character in input file  0x07
*** Error 1 "C:\Program Files (x86)\PICC\Drivers\LCD.C" Line 136(3,4): Illegal C character in input file  0x00
*** Error 1 "C:\Program Files (x86)\PICC\Drivers\LCD.C" Line 136(3,4): Illegal C character in input file  0x00
*** Error 1 "C:\Program Files (x86)\PICC\Drivers\LCD.C" Line 136(3,4): Illegal C character in input file  0x00
*** Error 1 "C:\Program Files (x86)\PICC\Drivers\LCD.C" Line 136(3,4): Illegal C character in input file  0x00
*** Error 1 "C:\Program Files (x86)\PICC\Drivers\LCD.C" Line 136(3,4): Illegal C character in input file  0x00
*** Error 1 "C:\Program Files (x86)\PICC\Drivers\LCD.C" Line 136(3,4): Illegal C character in input file  0x00
*** Error 1 "C:\Program Files (x86)\PICC\Drivers\LCD.C" Line 136(3,4): Illegal C character in input file  0x00
*** Error 43 "C:\Program Files (x86)\PICC\Drivers\LCD.C" Line 136(3,4): Expecting a declaration
*** Error 1 "C:\Program Files (x86)\PICC\Drivers\LCD.C" Line 136(8,9): Illegal C character in input file  0xDF
*** Error 1 "C:\Program Files (x86)\PICC\Drivers\LCD.C" Line 136(10,11): Illegal C character in input file  0x92
*** Error 1 "C:\Program Files (x86)\PICC\Drivers\LCD.C" Line 136(10,11): Illegal C character in input file  0xF0
*** Error 1 "C:\Program Files (x86)\PICC\Drivers\LCD.C" Line 136(10,11): Illegal C character in input file  0xBB
*** Error 1 "C:\Program Files (x86)\PICC\Drivers\LCD.C" Line 136(10,11): Illegal C character in input file  0x86
*** Error 48 "BT2_2019-2020.c" Line 136(8,9): Expecting a (
*** Error 12 "BT2_2019-2020.c" Line 35(12,13): Undefined identifier  -- LCD_INIT
*** Error 12 "BT2_2019-2020.c" Line 78(17,18): Undefined identifier  -- LCD_GOTOXY
*** Error 12 "BT2_2019-2020.c" Line 79(14,22): Undefined identifier   LCD_PUTC
*** Error 12 "BT2_2019-2020.c" Line 81(17,18): Undefined identifier  -- LCD_GOTOXY
*** Error 12 "BT2_2019-2020.c" Line 82(14,22): Undefined identifier   LCD_PUTC
*** Error 12 "BT2_2019-2020.c" Line 83(17,18): Undefined identifier  -- LCD_GOTOXY
*** Error 12 "BT2_2019-2020.c" Line 84(14,22): Undefined identifier   LCD_PUTC
*** Error 12 "BT2_2019-2020.c" Line 85(17,18): Undefined identifier  -- LCD_GOTOXY
*** Error 12 "BT2_2019-2020.c" Line 86(14,22): Undefined identifier   LCD_PUTC
*** Error 12 "BT2_2019-2020.c" Line 87(15,16): Undefined identifier  -- LCD_PUTC
*** Error 12 "BT2_2019-2020.c" Line 87(30,31): Undefined identifier  -- LCD_PUTC
