
ROM used:   140/8192 (2%)
            140/8192 (2%) including unused fragments

            0.2 Average locations per line
            5.4 Average locations per statement

RAM used:   8/368 (2%) at main() level
            12/368 (3%) worst case

Stack used: 1 worst case (1 in main + 0 for interrupts)
Stack size: 8

Lines Stmts  %   Files
----- ----- ---  -----
   52    26 100  BT3.1_2019-2020.c
  768     0   0  C:\Program Files (x86)\PICC\Devices\16F887.H
----- -----
  820    26 Total

Page ROM  %  RAM   Vol Diff  Functions:
---- --- --- ---   --- ----  ----------
0     45  32    5   260  4.5  DELAY_KT
0     91  65    1   315  3.2  MAIN
 Inline         0   399  2.4  @cinit1

Program metrics:
    Functions               3
    Statements              26
    Comments                131
    Volume (V)              1268
    Difficulty (D)          10.0
    Effort to implement (E) 12717
    Time to implement (T)   12 minutes
    Est Delivered Bugs (B)  0
    Cyclomatic Complexity   7
    Maintainability (MI)    68

 Segment     Used  Free
-----------  ----  ----
00000-00003     4  0  
00004-007FF   136  1908  
00800-00FFF     0  2048  
01000-017FF     0  2048  
01800-01FFF     0  2048  



