
ROM used:   176/8192 (2%)
            176/8192 (2%) including unused fragments

            0.2 Average locations per line
            8.4 Average locations per statement

RAM used:   14/368 (4%) at main() level
            14/368 (4%) worst case

Stack used: 1 worst case (0 in main + 1 for interrupts)
Stack size: 8

Lines Stmts  %   Files
----- ----- ---  -----
   37    21 100  BT3_2022-2023_HK1_CLC.c
  768     0   0  C:\Program Files (x86)\PICC\Devices\16F887.H
----- -----
  805    21 Total

Page ROM  %  RAM   Vol Diff  Functions:
---- --- --- ---   --- ----  ----------
0      9   5    0    37  1.3  NGAT_UART
0    118  67    0   556  4.4  MAIN
 Inline         0             @cinit1

Program metrics:
    Functions               2
    Statements              21
    Comments                141
    Volume (V)              650
    Difficulty (D)          6.1
    Effort to implement (E) 3980
    Time to implement (T)   4 minutes
    Est Delivered Bugs (B)  0
    Cyclomatic Complexity   5
    Maintainability (MI)    124

 Segment     Used  Free
-----------  ----  ----
00000-00003     4  0  
00004-00030    45  0  
00031-007FF   127  1872  
00800-00FFF     0  2048  
01000-017FF     0  2048  
01800-01FFF     0  2048  



