
ROM used:   213/8192 (3%)
            213/8192 (3%) including unused fragments

            0.3 Average locations per line
            6.3 Average locations per statement

RAM used:   10/368 (3%) at main() level
            14/368 (4%) worst case

Stack used: 2 worst case (2 in main + 0 for interrupts)
Stack size: 8

Lines Stmts  %   Files
----- ----- ---  -----
   64    34 100  BT1_2018-2019#2.c
  768     0   0  C:\Program Files (x86)\PICC\Devices\16F887.H
----- -----
  832    34 Total

Page ROM  %  RAM   Vol Diff  Functions:
---- --- --- ---   --- ----  ----------
0     20   9    1             @delay_ms1
0     14   7    0   760  4.5  @const620
0     25  12    3   178  4.4  DELAY_MSX
0    127  60    2   664  5.8  MAIN
0     23  11    5   415  3.7  @MUL1616
 Inline         0   852  6.2  @cinit1

Program metrics:
    Functions               5
    Statements              34
    Comments                136
    Volume (V)              3945
    Difficulty (D)          24.9
    Effort to implement (E) 98203
    Time to implement (T)   1 hours, 31 minutes
    Est Delivered Bugs (B)  1
    Cyclomatic Complexity   10
    Maintainability (MI)    154

 Segment     Used  Free
-----------  ----  ----
00000-00003     4  0  
00004-007FF   209  1835  
00800-00FFF     0  2048  
01000-017FF     0  2048  
01800-01FFF     0  2048  



