
ROM used:   1420/8192 (17%)
            1420/8192 (17%) including unused fragments

            1.0 Average locations per line
            8.0 Average locations per statement

RAM used:   12/368 (3%) at main() level
            31/368 (8%) worst case

Stack used: 6 worst case (6 in main + 0 for interrupts)
Stack size: 8

Lines Stmts  %   Files
----- ----- ---  -----
  130    78  44  BT2_2018-2019.c
  768     0   0  C:\Program Files (x86)\PICC\Devices\16F887.H
  456   100  56  C:\Program Files (x86)\PICC\Drivers\LCD.C
----- -----
 1354   178 Total

Page ROM  %  RAM   Vol Diff  Functions:
---- --- --- ---   --- ----  ----------
0     20   1    1             @delay_ms1
 Inline         3   760  4.5  lcd_read_byte
0     49   3    2   262  3.7  lcd_read_nibble
0     48   3    1   399  2.4  lcd_send_nibble
0     94   7    3   415  3.7  lcd_send_byte
0     70   5    6   852  6.2  lcd_init
0     18   1    4   208  6.3  lcd_gotoxy
0     44   3    1   354  4.7  lcd_putc
0    117   8    2   364  4.0  READ_ADC1
0     29   2    2             @ITOF
0    202  14   14             @DIVFF
0     31   2    4             @SFTOI
0      5   0    0             @const670
0     87   6    5             @PSTRINGCN7_647
0     99   7    9             @PRINTF_LU_647
0      2   0    0             @const675
0     86   6    4             @PSTRINGC7_647
0      2   0    0             @const677
0    118   8    2   364  4.0  READ_ADC2
0      5   0    0             @const679
0      2   0    0             @const680
0      2   0    0             @const681
0    262  18    1  1475  5.8  MAIN
0      4   0    0             @const686
0      2   0    0             @const687
0      4   0    0             @const688
0      2   0    0             @const689
0      4   0    0             @const690
0      2   0    0             @const691
0      4   0    0             @const692
0      2   0    0             @const693
 Inline         0             @cinit1

Program metrics:
    Functions               10
    Statements              178
    Comments                242
    Volume (V)              8410
    Difficulty (D)          42.6
    Effort to implement (E) 358618
    Time to implement (T)   5 hours, 32 minutes
    Est Delivered Bugs (B)  2
    Cyclomatic Complexity   18
    Maintainability (MI)    138

 Segment     Used  Free
-----------  ----  ----
00000-00003     4  0  
00004-007FF  1416  628  
00800-00FFF     0  2048  
01000-017FF     0  2048  
01800-01FFF     0  2048  



