
ROM used:   147/8192 (2%)
            147/8192 (2%) including unused fragments

            0.2 Average locations per line
            8.6 Average locations per statement

RAM used:   7/368 (2%) at main() level
            9/368 (2%) worst case

Stack used: 1 worst case (1 in main + 0 for interrupts)
Stack size: 8

Lines Stmts  %   Files
----- ----- ---  -----
   35    17 100  BT3_2018-2019.c
  768     0   0  C:\Program Files (x86)\PICC\Devices\16F887.H
----- -----
  803    17 Total

Page ROM  %  RAM   Vol Diff  Functions:
---- --- --- ---   --- ----  ----------
0     22  15    1             @delay_ms1
0     14  10    0   760  4.5  @const620
0     86  59    1   428  6.6  MAIN
0     21  14    3   399  2.4  @DIV88
 Inline         0   415  3.7  @cinit1

Program metrics:
    Functions               4
    Statements              17
    Comments                133
    Volume (V)              2690
    Difficulty (D)          17.2
    Effort to implement (E) 46254
    Time to implement (T)   43 minutes
    Est Delivered Bugs (B)  0
    Cyclomatic Complexity   3
    Maintainability (MI)    137

 Segment     Used  Free
-----------  ----  ----
00000-00003     4  0  
00004-007FF   143  1901  
00800-00FFF     0  2048  
01000-017FF     0  2048  
01800-01FFF     0  2048  



