
ROM used:   193/8192 (2%)
            193/8192 (2%) including unused fragments

            0.2 Average locations per line
            9.2 Average locations per statement

RAM used:   10/368 (3%) at main() level
            15/368 (4%) worst case

Stack used: 1 worst case (1 in main + 0 for interrupts)
Stack size: 8

Lines Stmts  %   Files
----- ----- ---  -----
   44    21 100  BT1_2020-2021_HK1.c
  768     0   0  C:\Program Files (x86)\PICC\Devices\16F887.H
----- -----
  812    21 Total

Page ROM  %  RAM   Vol Diff  Functions:
---- --- --- ---   --- ----  ----------
0     22  11    1             @delay_ms1
0     14   7    0             @const620
0    130  67    2   588  6.2  MAIN
0     23  12    5             @MUL1616
 Inline         0             @cinit1

Program metrics:
    Functions               1
    Statements              21
    Comments                138
    Volume (V)              598
    Difficulty (D)          5.7
    Effort to implement (E) 3419
    Time to implement (T)   3 minutes
    Est Delivered Bugs (B)  0
    Cyclomatic Complexity   3
    Maintainability (MI)    57

 Segment     Used  Free
-----------  ----  ----
00000-00003     4  0  
00004-007FF   189  1855  
00800-00FFF     0  2048  
01000-017FF     0  2048  
01800-01FFF     0  2048  



