*** Error 1 "C:\Program Files (x86)\PICC\Drivers\LCD.C" Line 135(1,2): Illegal C character in input file  0x00
*** Error 58 "C:\Program Files (x86)\PICC\Drivers\LCD.C" Line 135(1,2): Expecting a close paren
*** Error 1 "C:\Program Files (x86)\PICC\Drivers\LCD.C" Line 136(3,4): Illegal C character in input file  0x00
*** Error 1 "C:\Program Files (x86)\PICC\Drivers\LCD.C" Line 136(3,4): Illegal C character in input file  0x00
*** Error 1 "C:\Program Files (x86)\PICC\Drivers\LCD.C" Line 136(3,4): Illegal C character in input file  0xFF
*** Error 1 "C:\Program Files (x86)\PICC\Drivers\LCD.C" Line 136(3,4): Illegal C character in input file  0xFF
*** Error 1 "C:\Program Files (x86)\PICC\Drivers\LCD.C" Line 136(3,4): Illegal C character in input file  0xFF
*** Error 1 "C:\Program Files (x86)\PICC\Drivers\LCD.C" Line 136(3,4): Illegal C character in input file  0x00
*** Error 1 "C:\Program Files (x86)\PICC\Drivers\LCD.C" Line 136(3,4): Illegal C character in input file  0x07
*** Error 1 "C:\Program Files (x86)\PICC\Drivers\LCD.C" Line 136(3,4): Illegal C character in input file  0x00
*** Error 1 "C:\Program Files (x86)\PICC\Drivers\LCD.C" Line 136(3,4): Illegal C character in input file  0x00
*** Error 1 "C:\Program Files (x86)\PICC\Drivers\LCD.C" Line 136(3,4): Illegal C character in input file  0x00
*** Error 1 "C:\Program Files (x86)\PICC\Drivers\LCD.C" Line 136(3,4): Illegal C character in input file  0x00
*** Error 1 "C:\Program Files (x86)\PICC\Drivers\LCD.C" Line 136(3,4): Illegal C character in input file  0x00
*** Error 1 "C:\Program Files (x86)\PICC\Drivers\LCD.C" Line 136(3,4): Illegal C character in input file  0x00
*** Error 1 "C:\Program Files (x86)\PICC\Drivers\LCD.C" Line 136(3,4): Illegal C character in input file  0x00
*** Error 43 "C:\Program Files (x86)\PICC\Drivers\LCD.C" Line 136(3,4): Expecting a declaration
*** Error 1 "C:\Program Files (x86)\PICC\Drivers\LCD.C" Line 136(8,9): Illegal C character in input file  0xDF
*** Error 1 "C:\Program Files (x86)\PICC\Drivers\LCD.C" Line 136(10,11): Illegal C character in input file  0x92
*** Error 1 "C:\Program Files (x86)\PICC\Drivers\LCD.C" Line 136(10,11): Illegal C character in input file  0xB8
*** Error 1 "C:\Program Files (x86)\PICC\Drivers\LCD.C" Line 136(10,11): Illegal C character in input file  0xCF
*** Error 48 "C:\Program Files (x86)\PICC\Drivers\LCD.C" Line 136(8,9): Expecting a (
*** Error 1 "C:\Program Files (x86)\PICC\Drivers\LCD.C" Line 136(14,15): Illegal C character in input file  0xC6
*** Error 1 "C:\Program Files (x86)\PICC\Drivers\LCD.C" Line 136(14,15): Illegal C character in input file  0xA3
*** Error 1 "C:\Program Files (x86)\PICC\Drivers\LCD.C" Line 136(14,15): Illegal C character in input file  0x1B
*** Error 1 "C:\Program Files (x86)\PICC\Drivers\LCD.C" Line 136(14,15): Illegal C character in input file  0xE6
*** Error 1 "C:\Program Files (x86)\PICC\Drivers\LCD.C" Line 136(14,15): Illegal C character in input file  0x40
*** Error 1 "C:\Program Files (x86)\PICC\Drivers\LCD.C" Line 136(14,15): Illegal C character in input file  0x00
*** Error 1 "C:\Program Files (x86)\PICC\Drivers\LCD.C" Line 136(14,15): Illegal C character in input file  0x00
*** Error 1 "C:\Program Files (x86)\PICC\Drivers\LCD.C" Line 136(14,15): Illegal C character in input file  0x00
*** Error 1 "C:\Program Files (x86)\PICC\Drivers\LCD.C" Line 136(14,15): Illegal C character in input file  0x00
*** Error 1 "C:\Program Files (x86)\PICC\Drivers\LCD.C" Line 136(14,15): Illegal C character in input file  0x00
*** Error 1 "C:\Program Files (x86)\PICC\Drivers\LCD.C" Line 136(14,15): Illegal C character in input file  0x00
*** Error 1 "C:\Program Files (x86)\PICC\Drivers\LCD.C" Line 136(14,15): Illegal C character in input file  0x00
*** Error 1 "C:\Program Files (x86)\PICC\Drivers\LCD.C" Line 136(14,15): Illegal C character in input file  0x00
*** Error 1 "C:\Program Files (x86)\PICC\Drivers\LCD.C" Line 136(14,15): Illegal C character in input file  0x00
*** Error 1 "C:\Program Files (x86)\PICC\Drivers\LCD.C" Line 136(14,15): Illegal C character in input file  0x00
*** Error 1 "C:\Program Files (x86)\PICC\Drivers\LCD.C" Line 136(14,15): Illegal C character in input file  0x00
*** Error 1 "C:\Program Files (x86)\PICC\Drivers\LCD.C" Line 136(14,15): Illegal C character in input file  0x00
*** Error 1 "C:\Program Files (x86)\PICC\Drivers\LCD.C" Line 136(14,15): Illegal C character in input file  0x00
*** Error 1 "C:\Program Files (x86)\PICC\Drivers\LCD.C" Line 136(14,15): Illegal C character in input file  0x00
*** Error 1 "C:\Program Files (x86)\PICC\Drivers\LCD.C" Line 136(14,15): Illegal C character in input file  0x00
*** Error 1 "C:\Program Files (x86)\PICC\Drivers\LCD.C" Line 136(14,15): Illegal C character in input file  0x00
*** Error 1 "C:\Program Files (x86)\PICC\Drivers\LCD.C" Line 136(14,15): Illegal C character in input file  0x00
*** Error 1 "C:\Program Files (x86)\PICC\Drivers\LCD.C" Line 136(14,15): Illegal C character in input file  0x00
*** Error 1 "C:\Program Files (x86)\PICC\Drivers\LCD.C" Line 136(14,15): Illegal C character in input file  0x00
*** Error 1 "C:\Program Files (x86)\PICC\Drivers\LCD.C" Line 136(14,15): Illegal C character in input file  0x00
*** Error 1 "C:\Program Files (x86)\PICC\Drivers\LCD.C" Line 136(14,15): Illegal C character in input file  0x00
*** Error 1 "C:\Program Files (x86)\PICC\Drivers\LCD.C" Line 136(14,15): Illegal C character in input file  0x00
*** Error 1 "C:\Program Files (x86)\PICC\Drivers\LCD.C" Line 136(14,15): Illegal C character in input file  0x00
*** Error 1 "C:\Program Files (x86)\PICC\Drivers\LCD.C" Line 136(14,15): Illegal C character in input file  0x00
*** Error 1 "C:\Program Files (x86)\PICC\Drivers\LCD.C" Line 136(14,15): Illegal C character in input file  0x00
*** Error 1 "C:\Program Files (x86)\PICC\Drivers\LCD.C" Line 136(14,15): Illegal C character in input file  0x00
*** Error 1 "C:\Program Files (x86)\PICC\Drivers\LCD.C" Line 136(14,15): Illegal C character in input file  0x00
*** Error 1 "C:\Program Files (x86)\PICC\Drivers\LCD.C" Line 136(14,15): Illegal C character in input file  0x00
*** Error 1 "C:\Program Files (x86)\PICC\Drivers\LCD.C" Line 136(14,15): Illegal C character in input file  0x00
*** Error 1 "C:\Program Files (x86)\PICC\Drivers\LCD.C" Line 136(14,15): Illegal C character in input file  0x00
*** Error 1 "C:\Program Files (x86)\PICC\Drivers\LCD.C" Line 136(14,15): Illegal C character in input file  0x00
*** Error 1 "C:\Program Files (x86)\PICC\Drivers\LCD.C" Line 136(14,15): Illegal C character in input file  0x00
*** Error 1 "C:\Program Files (x86)\PICC\Drivers\LCD.C" Line 136(14,15): Illegal C character in input file  0x00
*** Error 1 "C:\Program Files (x86)\PICC\Drivers\LCD.C" Line 136(14,15): Illegal C character in input file  0x00
*** Error 1 "C:\Program Files (x86)\PICC\Drivers\LCD.C" Line 136(14,15): Illegal C character in input file  0x00
*** Error 1 "C:\Program Files (x86)\PICC\Drivers\LCD.C" Line 136(14,15): Illegal C character in input file  0x00
*** Error 1 "C:\Program Files (x86)\PICC\Drivers\LCD.C" Line 136(14,15): Illegal C character in input file  0x00
*** Error 1 "C:\Program Files (x86)\PICC\Drivers\LCD.C" Line 136(14,15): Illegal C character in input file  0x00
*** Error 1 "C:\Program Files (x86)\PICC\Drivers\LCD.C" Line 136(14,15): Illegal C character in input file  0x00
*** Error 1 "C:\Program Files (x86)\PICC\Drivers\LCD.C" Line 136(14,15): Illegal C character in input file  0x00
*** Error 1 "C:\Program Files (x86)\PICC\Drivers\LCD.C" Line 136(14,15): Illegal C character in input file  0x00
*** Error 1 "C:\Program Files (x86)\PICC\Drivers\LCD.C" Line 136(14,15): Illegal C character in input file  0x00
*** Error 1 "C:\Program Files (x86)\PICC\Drivers\LCD.C" Line 136(14,15): Illegal C character in input file  0x00
*** Error 1 "C:\Program Files (x86)\PICC\Drivers\LCD.C" Line 136(14,15): Illegal C character in input file  0x00
*** Error 1 "C:\Program Files (x86)\PICC\Drivers\LCD.C" Line 136(14,15): Illegal C character in input file  0x00
*** Error 1 "C:\Program Files (x86)\PICC\Drivers\LCD.C" Line 136(14,15): Illegal C character in input file  0x00
*** Error 1 "C:\Program Files (x86)\PICC\Drivers\LCD.C" Line 136(14,15): Illegal C character in input file  0x00
*** Error 1 "C:\Program Files (x86)\PICC\Drivers\LCD.C" Line 136(14,15): Illegal C character in input file  0x00
*** Error 1 "C:\Program Files (x86)\PICC\Drivers\LCD.C" Line 136(14,15): Illegal C character in input file  0x00
*** Error 1 "C:\Program Files (x86)\PICC\Drivers\LCD.C" Line 136(14,15): Illegal C character in input file  0x00
*** Error 1 "C:\Program Files (x86)\PICC\Drivers\LCD.C" Line 136(14,15): Illegal C character in input file  0x00
*** Error 1 "C:\Program Files (x86)\PICC\Drivers\LCD.C" Line 136(14,15): Illegal C character in input file  0x00
*** Error 1 "C:\Program Files (x86)\PICC\Drivers\LCD.C" Line 136(14,15): Illegal C character in input file  0x00
*** Error 1 "C:\Program Files (x86)\PICC\Drivers\LCD.C" Line 136(14,15): Illegal C character in input file  0x00
*** Error 1 "C:\Program Files (x86)\PICC\Drivers\LCD.C" Line 136(14,15): Illegal C character in input file  0x00
*** Error 1 "C:\Program Files (x86)\PICC\Drivers\LCD.C" Line 136(14,15): Illegal C character in input file  0x00
*** Error 1 "C:\Program Files (x86)\PICC\Drivers\LCD.C" Line 136(14,15): Illegal C character in input file  0x00
*** Error 1 "C:\Program Files (x86)\PICC\Drivers\LCD.C" Line 136(14,15): Illegal C character in input file  0x00
*** Error 1 "C:\Program Files (x86)\PICC\Drivers\LCD.C" Line 136(14,15): Illegal C character in input file  0x00
*** Error 1 "C:\Program Files (x86)\PICC\Drivers\LCD.C" Line 136(14,15): Illegal C character in input file  0x00
*** Error 1 "C:\Program Files (x86)\PICC\Drivers\LCD.C" Line 136(14,15): Illegal C character in input file  0x00
*** Error 1 "C:\Program Files (x86)\PICC\Drivers\LCD.C" Line 136(14,15): Illegal C character in input file  0x00
*** Error 1 "C:\Program Files (x86)\PICC\Drivers\LCD.C" Line 136(14,15): Illegal C character in input file  0x00
*** Error 1 "C:\Program Files (x86)\PICC\Drivers\LCD.C" Line 136(14,15): Illegal C character in input file  0x00
*** Error 1 "C:\Program Files (x86)\PICC\Drivers\LCD.C" Line 136(14,15): Illegal C character in input file  0x00
*** Error 1 "C:\Program Files (x86)\PICC\Drivers\LCD.C" Line 136(14,15): Illegal C character in input file  0x00
*** Error 1 "C:\Program Files (x86)\PICC\Drivers\LCD.C" Line 136(14,15): Illegal C character in input file  0x00
*** Error 1 "C:\Program Files (x86)\PICC\Drivers\LCD.C" Line 136(14,15): Illegal C character in input file  0x00
*** Error 1 "C:\Program Files (x86)\PICC\Drivers\LCD.C" Line 136(14,15): Illegal C character in input file  0x00
*** Error 1 "C:\Program Files (x86)\PICC\Drivers\LCD.C" Line 136(14,15): Illegal C character in input file  0x00
*** Error 1 "C:\Program Files (x86)\PICC\Drivers\LCD.C" Line 136(14,15): Illegal C character in input file  0x00
*** Error 1 "C:\Program Files (x86)\PICC\Drivers\LCD.C" Line 136(14,15): Illegal C character in input file  0x00
*** Error 1 "C:\Program Files (x86)\PICC\Drivers\LCD.C" Line 136(14,15): Illegal C character in input file  0x00
*** Error 1 "C:\Program Files (x86)\PICC\Drivers\LCD.C" Line 136(14,15): Illegal C character in input file  0x00
