
ROM used:   200/8192 (2%)
            200/8192 (2%) including unused fragments

            0.2 Average locations per line
            8.7 Average locations per statement

RAM used:   14/368 (4%) at main() level
            15/368 (4%) worst case

Stack used: 2 worst case (0 in main + 2 for interrupts)
Stack size: 8

Lines Stmts  %   Files
----- ----- ---  -----
   48    23 100  BT2B_2020-2021_HK1_CLC.c
  768     0   0  C:\Program Files (x86)\PICC\Devices\16F887.H
----- -----
  816    23 Total

Page ROM  %  RAM   Vol Diff  Functions:
---- --- --- ---   --- ----  ----------
0     14   7    0   388  2.8  @const623
0     17   8    1    65  1.9  NGAT_UART_7SEG
0    120  60    0   584  4.4  MAIN
 Inline         0   584  4.4  @cinit1

Program metrics:
    Functions               4
    Statements              23
    Comments                150
    Volume (V)              2158
    Difficulty (D)          13.9
    Effort to implement (E) 30054
    Time to implement (T)   28 minutes
    Est Delivered Bugs (B)  0
    Cyclomatic Complexity   15
    Maintainability (MI)    106

 Segment     Used  Free
-----------  ----  ----
00000-00003     4  0  
00004-00030    45  0  
00031-007FF   151  1848  
00800-00FFF     0  2048  
01000-017FF     0  2048  
01800-01FFF     0  2048  



