
ROM used:   99/8192 (1%)
            99/8192 (1%) including unused fragments

            0.1 Average locations per line
            5.5 Average locations per statement

RAM used:   8/368 (2%) at main() level
            8/368 (2%) worst case

Stack used: 0 worst case (0 in main + 0 for interrupts)
Stack size: 8

Lines Stmts  %   Files
----- ----- ---  -----
   44    18 100  BT3_2020-2021_HK1_VDK1.c
  768     0   0  C:\Program Files (x86)\PICC\Devices\16F887.H
----- -----
  812    18 Total

Page ROM  %  RAM   Vol Diff  Functions:
---- --- --- ---   --- ----  ----------
0     95  96    1   386  3.7  MAIN
 Inline         0   942  5.3  @cinit1

Program metrics:
    Functions               2
    Statements              18
    Comments                135
    Volume (V)              1531
    Difficulty (D)          9.0
    Effort to implement (E) 13814
    Time to implement (T)   13 minutes
    Est Delivered Bugs (B)  0
    Cyclomatic Complexity   9
    Maintainability (MI)    108

 Segment     Used  Free
-----------  ----  ----
00000-00003     4  0  
00004-007FF    95  1949  
00800-00FFF     0  2048  
01000-017FF     0  2048  
01800-01FFF     0  2048  



