
ROM used:   122/8192 (1%)
            122/8192 (1%) including unused fragments

            0.1 Average locations per line
            4.4 Average locations per statement

RAM used:   8/368 (2%) at main() level
            8/368 (2%) worst case

Stack used: 0 worst case (0 in main + 0 for interrupts)
Stack size: 8

Lines Stmts  %   Files
----- ----- ---  -----
   58    28 100  BT3_2020-2021_HK1_VDK2.c
  768     0   0  C:\Program Files (x86)\PICC\Devices\16F887.H
----- -----
  826    28 Total

Page ROM  %  RAM   Vol Diff  Functions:
---- --- --- ---   --- ----  ----------
0    118  97    1   607  4.3  MAIN
 Inline         0   942  5.3  @cinit1

Program metrics:
    Functions               2
    Statements              28
    Comments                145
    Volume (V)              1798
    Difficulty (D)          9.6
    Effort to implement (E) 17194
    Time to implement (T)   16 minutes
    Est Delivered Bugs (B)  0
    Cyclomatic Complexity   7
    Maintainability (MI)    121

 Segment     Used  Free
-----------  ----  ----
00000-00003     4  0  
00004-007FF   118  1926  
00800-00FFF     0  2048  
01000-017FF     0  2048  
01800-01FFF     0  2048  



