
ROM used:   973/8192 (12%)
            973/8192 (12%) including unused fragments

            0.7 Average locations per line
            7.0 Average locations per statement

RAM used:   11/368 (3%) at main() level
            25/368 (7%) worst case

Stack used: 5 worst case (5 in main + 0 for interrupts)
Stack size: 8

Lines Stmts  %   Files
----- ----- ---  -----
   82    39  28  BT2_2023-2024_HK1_CLC.c
  768     0   0  C:\Program Files (x86)\PICC\Devices\16F887.H
  456   100  72  C:\Program Files (x86)\PICC\Drivers\LCD.C
----- -----
 1306   139 Total

Page ROM  %  RAM   Vol Diff  Functions:
---- --- --- ---   --- ----  ----------
0     20   2    1             @delay_ms1
 Inline         3   760  4.5  lcd_read_byte
0     49   5    2   262  3.7  lcd_read_nibble
0     48   5    1   399  2.4  lcd_send_nibble
0     94  10    3   415  3.7  lcd_send_byte
0     70   7    6   852  6.2  lcd_init
0     18   2    4   208  6.3  lcd_gotoxy
0     44   5    1   354  4.7  lcd_putc
0    198  20    1  1076  5.8  MAIN
0      7   1    0             @const667
0     89   9    5             @PSTRINGCN7_2400_62_63
0     21   2    3             @DIV88
0     56   6    2             @PRINTF_U_2400_62_63
0      3   0    0             @const676
0     86   9    4             @PSTRINGC7_647
0      8   1    0             @const678
0     87   9    5             @PSTRINGCN7_647
0     53   5    2             @PRINTF_U_647
0      3   0    0             @const684
0      8   1    0             @const685
0      7   1    0             @const686
 Inline         0             @cinit1

Program metrics:
    Functions               8
    Statements              139
    Comments                244
    Volume (V)              6473
    Difficulty (D)          35.2
    Effort to implement (E) 227839
    Time to implement (T)   3 hours, 31 minutes
    Est Delivered Bugs (B)  1
    Cyclomatic Complexity   14
    Maintainability (MI)    128

 Segment     Used  Free
-----------  ----  ----
00000-00003     4  0  
00004-007FF   969  1075  
00800-00FFF     0  2048  
01000-017FF     0  2048  
01800-01FFF     0  2048  



