
ROM used:   228/8192 (3%)
            228/8192 (3%) including unused fragments

            0.3 Average locations per line
            12.0 Average locations per statement

RAM used:   11/368 (3%) at main() level
            15/368 (4%) worst case

Stack used: 1 worst case (1 in main + 0 for interrupts)
Stack size: 8

Lines Stmts  %   Files
----- ----- ---  -----
   37    19 100  BT3-4_2023-2024_HK1_DAITRA.c
  768     0   0  C:\Program Files (x86)\PICC\Devices\16F887.H
----- -----
  805    19 Total

Page ROM  %  RAM   Vol Diff  Functions:
---- --- --- ---   --- ----  ----------
0     22  10    1             @delay_ms1
0     14   6    0   418  3.8  @const620
0    151  66    3   497  4.3  MAIN
0     37  16    5             @DIV1616
 Inline         0   394  2.8  @cinit1

Program metrics:
    Functions               3
    Statements              19
    Comments                134
    Volume (V)              1693
    Difficulty (D)          10.7
    Effort to implement (E) 18056
    Time to implement (T)   17 minutes
    Est Delivered Bugs (B)  0
    Cyclomatic Complexity   8
    Maintainability (MI)    67

 Segment     Used  Free
-----------  ----  ----
00000-00003     4  0  
00004-007FF   224  1820  
00800-00FFF     0  2048  
01000-017FF     0  2048  
01800-01FFF     0  2048  



