
ROM used:   430/8192 (5%)
            430/8192 (5%) including unused fragments

            0.5 Average locations per line
            6.5 Average locations per statement

RAM used:   10/368 (3%) at main() level
            15/368 (4%) worst case

Stack used: 1 worst case (1 in main + 0 for interrupts)
Stack size: 8

Lines Stmts  %   Files
----- ----- ---  -----
  147    66 100  BT3_2023-2024_HK1_CLC.c
  768     0   0  C:\Program Files (x86)\PICC\Devices\16F887.H
----- -----
  915    66 Total

Page ROM  %  RAM   Vol Diff  Functions:
---- --- --- ---   --- ----  ----------
0     20   5    1             @delay_ms1
0    385  90    2  2008  7.2  MAIN
0     21   5    5   654  6.2  @MUL1616
 Inline         0   654  6.2  @cinit1

Program metrics:
    Functions               3
    Statements              66
    Comments                182
    Volume (V)              4040
    Difficulty (D)          20.1
    Effort to implement (E) 81296
    Time to implement (T)   1 hours, 15 minutes
    Est Delivered Bugs (B)  1
    Cyclomatic Complexity   14
    Maintainability (MI)    58

 Segment     Used  Free
-----------  ----  ----
00000-00003     4  0  
00004-007FF   426  1618  
00800-00FFF     0  2048  
01000-017FF     0  2048  
01800-01FFF     0  2048  



