
ROM used:   1046/8192 (13%)
            1046/8192 (13%) including unused fragments

            0.8 Average locations per line
            8.3 Average locations per statement

RAM used:   9/368 (2%) at main() level
            29/368 (8%) worst case

Stack used: 6 worst case (6 in main + 0 for interrupts)
Stack size: 8

Lines Stmts  %   Files
----- ----- ---  -----
   56    26  21  BT6-7_2023-2024_HK1_DAITRA.c
  768     0   0  C:\Program Files (x86)\PICC\Devices\16F887.H
  456   100  79  C:\Program Files (x86)\PICC\Drivers\LCD.C
----- -----
 1280   126 Total

Page ROM  %  RAM   Vol Diff  Functions:
---- --- --- ---   --- ----  ----------
0     20   2    1             @delay_ms1
 Inline         3   760  4.5  lcd_read_byte
0     49   5    2   262  3.7  lcd_read_nibble
0     48   5    1   399  2.4  lcd_send_nibble
0     94   9    3   415  3.7  lcd_send_byte
0     70   7    6   852  6.2  lcd_init
0     18   2    4   208  6.3  lcd_gotoxy
0     44   4    1   354  4.7  lcd_putc
0     87   8    2   187  2.5  READ_ADC1
0     29   3    2             @ITOF
0    202  19   14             @DIVFF
0     31   3    4             @SFTOI
0     99   9    9             @PRINTF_LU_644
0     87   8    2   187  2.5  READ_ADC2
0     70   7    0   240  2.6  MAIN
0      6   1    0             @const674
0     88   8    4             @PSTRINGC7_644
 Inline         0             @cinit1

Program metrics:
    Functions               10
    Statements              126
    Comments                234
    Volume (V)              6106
    Difficulty (D)          37.8
    Effort to implement (E) 230889
    Time to implement (T)   3 hours, 34 minutes
    Est Delivered Bugs (B)  1
    Cyclomatic Complexity   8
    Maintainability (MI)    143

 Segment     Used  Free
-----------  ----  ----
00000-00003     4  0  
00004-007FF  1042  1002  
00800-00FFF     0  2048  
01000-017FF     0  2048  
01800-01FFF     0  2048  



