
ROM used:   198/8192 (2%)
            198/8192 (2%) including unused fragments

            0.2 Average locations per line
            4.7 Average locations per statement

RAM used:   9/368 (2%) at main() level
            9/368 (2%) worst case

Stack used: 1 worst case (1 in main + 0 for interrupts)
Stack size: 8

Lines Stmts  %   Files
----- ----- ---  -----
   67    42 100  BT8-9_2023-2024_HK1_DAITRA.c
  768     0   0  C:\Program Files (x86)\PICC\Devices\16F887.H
----- -----
  835    42 Total

Page ROM  %  RAM   Vol Diff  Functions:
---- --- --- ---   --- ----  ----------
0     20  10    1             @delay_ms1
0    174  88    1  1234  6.5  MAIN
 Inline         0   262  3.7  @cinit1

Program metrics:
    Functions               2
    Statements              42
    Comments                149
    Volume (V)              1683
    Difficulty (D)          10.3
    Effort to implement (E) 17315
    Time to implement (T)   16 minutes
    Est Delivered Bugs (B)  0
    Cyclomatic Complexity   11
    Maintainability (MI)    121

 Segment     Used  Free
-----------  ----  ----
00000-00003     4  0  
00004-007FF   194  1850  
00800-00FFF     0  2048  
01000-017FF     0  2048  
01800-01FFF     0  2048  



