
ROM used:   187/8192 (2%)
            187/8192 (2%) including unused fragments

            0.2 Average locations per line
            4.8 Average locations per statement

RAM used:   10/368 (3%) at main() level
            10/368 (3%) worst case

Stack used: 1 worst case (1 in main + 0 for interrupts)
Stack size: 8

Lines Stmts  %   Files
----- ----- ---  -----
   68    39 100  BT1_2017-2018_HK1_CLC.c
  768     0   0  C:\Program Files (x86)\PICC\Devices\16F887.H
----- -----
  836    39 Total

Page ROM  %  RAM   Vol Diff  Functions:
---- --- --- ---   --- ----  ----------
0     20  11    1             @delay_ms1
0     14   7    0             @const623
0    149  80    1   968  5.3  MAIN
 Inline         0             @cinit1

Program metrics:
    Functions               1
    Statements              39
    Comments                131
    Volume (V)              977
    Difficulty (D)          5.1
    Effort to implement (E) 4979
    Time to implement (T)   5 minutes
    Est Delivered Bugs (B)  0
    Cyclomatic Complexity   9
    Maintainability (MI)    29

 Segment     Used  Free
-----------  ----  ----
00000-00003     4  0  
00004-007FF   183  1861  
00800-00FFF     0  2048  
01000-017FF     0  2048  
01800-01FFF     0  2048  



