
ROM used:   95/8192 (1%)
            95/8192 (1%) including unused fragments

            0.1 Average locations per line
            7.9 Average locations per statement

RAM used:   7/368 (2%) at main() level
            8/368 (2%) worst case

Stack used: 1 worst case (1 in main + 0 for interrupts)
Stack size: 8

Lines Stmts  %   Files
----- ----- ---  -----
   28    12 100  BT1_2017-2018_HK1.c
  768     0   0  C:\Program Files (x86)\PICC\Devices\16F887.H
----- -----
  796    12 Total

Page ROM  %  RAM   Vol Diff  Functions:
---- --- --- ---   --- ----  ----------
0     19  20    1             @delay_us1
0     72  76    1   209  3.1  MAIN
 Inline         0             @cinit1

Program metrics:
    Functions               1
    Statements              12
    Comments                130
    Volume (V)              214
    Difficulty (D)          2.9
    Effort to implement (E) 612
    Time to implement (T)   1 minutes
    Est Delivered Bugs (B)  0
    Cyclomatic Complexity   1
    Maintainability (MI)    56

 Segment     Used  Free
-----------  ----  ----
00000-00003     4  0  
00004-007FF    91  1953  
00800-00FFF     0  2048  
01000-017FF     0  2048  
01800-01FFF     0  2048  



