
ROM used:   249/8192 (3%)
            249/8192 (3%) including unused fragments

            0.3 Average locations per line
            5.7 Average locations per statement

RAM used:   10/368 (3%) at main() level
            15/368 (4%) worst case

Stack used: 1 worst case (1 in main + 0 for interrupts)
Stack size: 8

Lines Stmts  %   Files
----- ----- ---  -----
   81    44 100  BT1_2017-2018_HK2.c
  768     0   0  C:\Program Files (x86)\PICC\Devices\16F887.H
----- -----
  849    44 Total

Page ROM  %  RAM   Vol Diff  Functions:
---- --- --- ---   --- ----  ----------
0     20   8    1             @delay_ms1
0     14   6    0   108  1.7  @const620
0    188  76    2  1197  6.3  MAIN
0     23   9    5   108  1.7  @MUL1616
 Inline         0             @cinit1

Program metrics:
    Functions               3
    Statements              44
    Comments                144
    Volume (V)              1653
    Difficulty (D)          9.7
    Effort to implement (E) 16093
    Time to implement (T)   15 minutes
    Est Delivered Bugs (B)  0
    Cyclomatic Complexity   8
    Maintainability (MI)    46

 Segment     Used  Free
-----------  ----  ----
00000-00003     4  0  
00004-007FF   245  1799  
00800-00FFF     0  2048  
01000-017FF     0  2048  
01800-01FFF     0  2048  



