
ROM used:   103/8192 (1%)
            103/8192 (1%) including unused fragments

            0.1 Average locations per line
            4.0 Average locations per statement

RAM used:   7/368 (2%) at main() level
            9/368 (2%) worst case

Stack used: 0 worst case (0 in main + 0 for interrupts)
Stack size: 8

Lines Stmts  %   Files
----- ----- ---  -----
   47    26 100  BT1B_2017-2018_HK1.c
  768     0   0  C:\Program Files (x86)\PICC\Devices\16F887.H
----- -----
  815    26 Total

Page ROM  %  RAM   Vol Diff  Functions:
---- --- --- ---   --- ----  ----------
0     99  96    1   669  5.8  MAIN
 Inline         0             @cinit1

Program metrics:
    Functions               1
    Statements              26
    Comments                135
    Volume (V)              672
    Difficulty (D)          5.7
    Effort to implement (E) 3799
    Time to implement (T)   4 minutes
    Est Delivered Bugs (B)  0
    Cyclomatic Complexity   6
    Maintainability (MI)    45

 Segment     Used  Free
-----------  ----  ----
00000-00003     4  0  
00004-007FF    99  1945  
00800-00FFF     0  2048  
01000-017FF     0  2048  
01800-01FFF     0  2048  



