
ROM used:   119/8192 (1%)
            119/8192 (1%) including unused fragments

            0.1 Average locations per line
            5.4 Average locations per statement

RAM used:   8/368 (2%) at main() level
            8/368 (2%) worst case

Stack used: 1 worst case (1 in main + 0 for interrupts)
Stack size: 8

Lines Stmts  %   Files
----- ----- ---  -----
   45    22 100  BT1C_2017-2018_HK1.c
  768     0   0  C:\Program Files (x86)\PICC\Devices\16F887.H
----- -----
  813    22 Total

Page ROM  %  RAM   Vol Diff  Functions:
---- --- --- ---   --- ----  ----------
0     22  18    1             @delay_ms1
0     93  78    1   486  4.7  MAIN
 Inline         0             @cinit1

Program metrics:
    Functions               1
    Statements              22
    Comments                139
    Volume (V)              491
    Difficulty (D)          4.5
    Effort to implement (E) 2210
    Time to implement (T)   2 minutes
    Est Delivered Bugs (B)  0
    Cyclomatic Complexity   3
    Maintainability (MI)    60

 Segment     Used  Free
-----------  ----  ----
00000-00003     4  0  
00004-007FF   115  1929  
00800-00FFF     0  2048  
01000-017FF     0  2048  
01800-01FFF     0  2048  



