
ROM used:   1016/8192 (12%)
            1016/8192 (12%) including unused fragments

            1.2 Average locations per line
            18.5 Average locations per statement

RAM used:   18/368 (5%) at main() level
            33/368 (9%) worst case

Stack used: 2 worst case (2 in main + 0 for interrupts)
Stack size: 8

Lines Stmts  %   Files
----- ----- ---  -----
   98    55 100  BT2_2017-2018_HK1.c
  768     0   0  C:\Program Files (x86)\PICC\Devices\16F887.H
----- -----
  866    55 Total

Page ROM  %  RAM   Vol Diff  Functions:
---- --- --- ---   --- ----  ----------
0     20   2    1             @delay_ms1
0     14   1    0   770  6.6  @const623
0    130  13    3   283  4.9  READ_AN5
0     37   4    5  1238  6.2  @DIV1616
0     29   3    2  1238  6.2  @ITOF
0    202  20   14  1238  6.2  @DIVFF
0     31   3    4  1238  6.2  @SFTOI
0    131  13    3   283  4.9  READ_AN6
0    228  22    1   940  5.3  MAIN
0      6   1    0  1238  6.2  @const648
0     89   9    5   393  6.2  @PSTRINGCN7_9600_62_63
0     89   9    9   697  4.3  @PRINTF_LU_9600_62_63
0      6   1    0   697  4.3  @const653
 Inline         0             @cinit1

Program metrics:
    Functions               12
    Statements              55
    Comments                135
    Volume (V)              15893
    Difficulty (D)          68.0
    Effort to implement (E) 1080564
    Time to implement (T)   16 hours, 41 minutes
    Est Delivered Bugs (B)  4
    Cyclomatic Complexity   40
    Maintainability (MI)    64

 Segment     Used  Free
-----------  ----  ----
00000-00003     4  0  
00004-007FF  1012  1032  
00800-00FFF     0  2048  
01000-017FF     0  2048  
01800-01FFF     0  2048  



