
ROM used:   1118/8192 (14%)
            1118/8192 (14%) including unused fragments

            0.9 Average locations per line
            7.9 Average locations per statement

RAM used:   11/368 (3%) at main() level
            29/368 (8%) worst case

Stack used: 5 worst case (5 in main + 0 for interrupts)
Stack size: 8

Lines Stmts  %   Files
----- ----- ---  -----
   80    41  29  BT2_2017-2018_HK2.c
  768     0   0  C:\Program Files (x86)\PICC\Devices\16F887.H
  456   100  71  C:\Program Files (x86)\PICC\Drivers\LCD.C
----- -----
 1304   141 Total

Page ROM  %  RAM   Vol Diff  Functions:
---- --- --- ---   --- ----  ----------
0     20   2    1             @delay_ms1
 Inline         3   760  4.5  lcd_read_byte
0     49   4    2   262  3.7  lcd_read_nibble
0     48   4    1   399  2.4  lcd_send_nibble
0     94   8    3   415  3.7  lcd_send_byte
0     70   6    6   852  6.2  lcd_init
0     18   2    4   208  6.3  lcd_gotoxy
0     44   4    1   354  4.7  lcd_putc
0    316  28    2  1238  6.2  MAIN
0     29   3    2   697  4.3  @ITOF
0    202  18   14             @DIVFF
0     31   3    4             @SFTOI
0     99   9    9             @PRINTF_LU_644
0      2   0    0             @const672
0     86   8    4             @PSTRINGC7_644
0      2   0    0             @const674
0      2   0    0             @const675
0      2   0    0             @const676
 Inline         0             @cinit1

Program metrics:
    Functions               9
    Statements              141
    Comments                240
    Volume (V)              7863
    Difficulty (D)          40.3
    Effort to implement (E) 317064
    Time to implement (T)   4 hours, 54 minutes
    Est Delivered Bugs (B)  2
    Cyclomatic Complexity   15
    Maintainability (MI)    140

 Segment     Used  Free
-----------  ----  ----
00000-00003     4  0  
00004-007FF  1114  930  
00800-00FFF     0  2048  
01000-017FF     0  2048  
01800-01FFF     0  2048  



