
ROM used:   227/8192 (3%)
            227/8192 (3%) including unused fragments

            0.3 Average locations per line
            6.5 Average locations per statement

RAM used:   10/368 (3%) at main() level
            15/368 (4%) worst case

Stack used: 1 worst case (1 in main + 0 for interrupts)
Stack size: 8

Lines Stmts  %   Files
----- ----- ---  -----
   71    35 100  BT3_2017-2018_HK1_CLC.c
  768     0   0  C:\Program Files (x86)\PICC\Devices\16F887.H
----- -----
  839    35 Total

Page ROM  %  RAM   Vol Diff  Functions:
---- --- --- ---   --- ----  ----------
0     20   9    1             @delay_ms1
0     14   6    0   829  6.6  @const620
0    166  73    2   933  6.8  MAIN
0     23  10    5   399  2.4  @MUL1616
 Inline         0   415  3.7  @cinit1

Program metrics:
    Functions               4
    Statements              35
    Comments                143
    Volume (V)              3410
    Difficulty (D)          19.4
    Effort to implement (E) 66173
    Time to implement (T)   1 hours, 1 minutes
    Est Delivered Bugs (B)  1
    Cyclomatic Complexity   13
    Maintainability (MI)    108

 Segment     Used  Free
-----------  ----  ----
00000-00003     4  0  
00004-007FF   223  1821  
00800-00FFF     0  2048  
01000-017FF     0  2048  
01800-01FFF     0  2048  



