
ROM used:   243/8192 (3%)
            243/8192 (3%) including unused fragments

            0.3 Average locations per line
            4.9 Average locations per statement

RAM used:   12/368 (3%) at main() level
            12/368 (3%) worst case

Stack used: 1 worst case (1 in main + 0 for interrupts)
Stack size: 8

Lines Stmts  %   Files
----- ----- ---  -----
   73    50 100  BT3_2017-2018_HK2_CLC.c
  768     0   0  C:\Program Files (x86)\PICC\Devices\16F887.H
----- -----
  841    50 Total

Page ROM  %  RAM   Vol Diff  Functions:
---- --- --- ---   --- ----  ----------
0     20   8    1             @delay_ms1
0    219  90    1  1272  3.4  MAIN
 Inline         0             @cinit1

Program metrics:
    Functions               1
    Statements              50
    Comments                130
    Volume (V)              1279
    Difficulty (D)          3.3
    Effort to implement (E) 4265
    Time to implement (T)   4 minutes
    Est Delivered Bugs (B)  0
    Cyclomatic Complexity   10
    Maintainability (MI)    22

 Segment     Used  Free
-----------  ----  ----
00000-00003     4  0  
00004-007FF   239  1805  
00800-00FFF     0  2048  
01000-017FF     0  2048  
01800-01FFF     0  2048  



